<?xml version="1.0" encoding="UTF-8"?>
<!-- Generated by org.testng.reporters.JUnitReportReporter -->
<testsuite hostname="INLEN8520040912" failures="0" tests="1" name="tests.TestNGDemo" time="18.443" errors="0" timestamp="2022-11-25T09:18:09 IST" skipped="0">
  <testcase classname="tests.TestNGDemo" name="Pincode_InvalidPincode" time="18.443"/>
  <system-out/>
</testsuite> <!-- tests.TestNGDemo -->
