<?xml version="1.0" encoding="UTF-8"?>
<!-- Generated by org.testng.reporters.JUnitReportReporter -->
<testsuite hostname="INLEN8520040912" failures="0" tests="13" name="runner.Myrunner" time="364.350" errors="0" timestamp="2022-11-23T16:41:20 IST" skipped="0">
  <testcase classname="runner.Myrunner" name="runScenario" time="20.389"/>
  <system-out/>
  <testcase classname="runner.Myrunner" name="runScenario" time="38.731"/>
  <system-out/>
  <testcase classname="runner.Myrunner" name="runScenario" time="18.174"/>
  <system-out/>
  <testcase classname="runner.Myrunner" name="runScenario" time="47.636"/>
  <system-out/>
  <testcase classname="runner.Myrunner" name="runScenario" time="21.548"/>
  <system-out/>
  <testcase classname="runner.Myrunner" name="runScenario" time="4.441"/>
  <system-out/>
  <testcase classname="runner.Myrunner" name="runScenario" time="22.357"/>
  <system-out/>
  <testcase classname="runner.Myrunner" name="runScenario" time="52.981"/>
  <system-out/>
  <testcase classname="runner.Myrunner" name="runScenario" time="11.164"/>
  <system-out/>
  <testcase classname="runner.Myrunner" name="runScenario" time="33.495"/>
  <system-out/>
  <testcase classname="runner.Myrunner" name="runScenario" time="44.417"/>
  <system-out/>
  <testcase classname="runner.Myrunner" name="runScenario" time="4.400"/>
  <system-out/>
  <testcase classname="runner.Myrunner" name="runScenario" time="44.617"/>
  <system-out/>
</testsuite> <!-- runner.Myrunner -->
