<?xml version="1.0" encoding="UTF-8"?>
<!-- Generated by org.testng.reporters.JUnitReportReporter -->
<testsuite hostname="INLEN8520040912" failures="0" tests="2" name="tests.login" time="17.848" errors="0" timestamp="2022-11-11T19:44:47 IST" skipped="0">
  <testcase classname="tests.login" name="loginWith_invalidCredentials" time="14.406"/>
  <system-out/>
  <testcase classname="tests.login" name="loginWith_validCredentials" time="3.442"/>
  <system-out/>
</testsuite> <!-- tests.login -->
